2019-06-18T05:12:50.090Z - normal: Load ~/.CocosCreator/settings.json
2019-06-18T05:12:51.213Z - normal: Initializing Asset Database
2019-06-18T05:12:51.213Z - normal: checking language setting...
2019-06-18T05:12:51.213Z - normal: Language: zh
2019-06-18T05:12:53.148Z - success: preview server running at http://localhost:7456
2019-06-18T05:12:53.148Z - success: protocol editor-framework registered
2019-06-18T05:12:53.148Z - success: protocol app registered
2019-06-18T05:12:53.148Z - success: protocol theme registered
2019-06-18T05:12:53.148Z - success: protocol packages registered
2019-06-18T05:12:53.148Z - success: protocol uuid registerred
2019-06-18T05:12:53.148Z - success: protocol db registerred
2019-06-18T05:12:53.148Z - success: protocol thumbnail registerred
2019-06-18T05:12:53.148Z - success: protocol unpack registerred
2019-06-18T05:12:53.148Z - success: protocol disable-commonjs registerred
2019-06-18T05:12:53.351Z - normal: connected!
2019-06-18T05:12:53.366Z - normal: Check project C:\Users\Administrator\Desktop\start_project
2019-06-18T05:12:53.366Z - normal: Initializing project C:\Users\Administrator\Desktop\start_project
2019-06-18T05:12:53.897Z - normal: Initializing Cocos2d
2019-06-18T05:12:55.581Z - normal: Initializing engine extends
2019-06-18T05:12:55.909Z - success: asset-db-debugger loaded
2019-06-18T05:12:55.909Z - success: baidu-adapter loaded
2019-06-18T05:12:55.925Z - success: code-editor loaded
2019-06-18T05:12:55.925Z - success: color-picker loaded
2019-06-18T05:12:56.127Z - success: fb-audience-network loaded
2019-06-18T05:12:56.221Z - success: fb-live-stream loaded
2019-06-18T05:12:56.252Z - success: google-play-instant loaded
2019-06-18T05:12:56.299Z - success: huawei-runtime loaded
2019-06-18T05:12:56.299Z - success: jsb-adapter loaded
2019-06-18T05:12:56.330Z - success: oppo-runtime loaded
2019-06-18T05:12:56.361Z - success: package-manager loaded
2019-06-18T05:12:56.861Z - success: qqplay-adapter loaded
2019-06-18T05:12:56.876Z - success: runtime-dev-tools loaded
2019-06-18T05:12:56.907Z - success: sdkbox loaded
2019-06-18T05:12:56.923Z - success: tester loaded
2019-06-18T05:12:56.939Z - success: ui-grid loaded
2019-06-18T05:12:56.954Z - success: ui-kit-preview-extra loaded
2019-06-18T05:12:56.970Z - success: ui-kit-preview loaded
2019-06-18T05:12:56.970Z - success: ui-kit loaded
2019-06-18T05:12:56.970Z - success: ui-tree loaded
2019-06-18T05:12:57.017Z - success: vivo-runtime loaded
2019-06-18T05:12:57.017Z - success: weapp-adapter loaded
2019-06-18T05:12:57.079Z - success: assets loaded
2019-06-18T05:12:57.095Z - success: builder loaded
2019-06-18T05:12:57.578Z - success: cocos-services loaded
2019-06-18T05:12:57.594Z - success: console loaded
2019-06-18T05:12:57.625Z - success: fb-instant-games loaded
2019-06-18T05:12:57.625Z - success: google-instant-games loaded
2019-06-18T05:12:57.625Z - success: hierarchy loaded
2019-06-18T05:12:57.641Z - success: inspector loaded
2019-06-18T05:12:57.641Z - success: keystore loaded
2019-06-18T05:12:57.641Z - success: node-library loaded
2019-06-18T05:12:57.641Z - success: package-asset loaded
2019-06-18T05:12:57.641Z - success: preferences loaded
2019-06-18T05:12:57.641Z - success: project-exporter loaded
2019-06-18T05:12:57.641Z - success: project-importer loaded
2019-06-18T05:12:57.641Z - success: project-settings loaded
2019-06-18T05:12:57.641Z - success: scene loaded
2019-06-18T05:12:57.641Z - success: simulator-debugger loaded
2019-06-18T05:12:57.641Z - success: sprite-editor loaded
2019-06-18T05:12:57.672Z - success: store loaded
2019-06-18T05:12:57.672Z - success: timeline loaded
2019-06-18T05:13:00.308Z - normal: Loading packages
2019-06-18T05:13:00.308Z - normal: Watching packages
2019-06-18T05:13:00.714Z - info: Cocos Services load base data!
2019-06-18T05:13:01.166Z - normal: Run Application
